=== Iteration 1 ===
Timestamp: 20260116_140138
Tokens estimés: ~822
Stories restantes: 28

=== Context Sent ===
# Ralph - Agent Autonome (Phase 2: Exécution)

Tu es Ralph, un agent de développement autonome et CONCIS.

## RÈGLES DE CONCISION (CRITIQUES)

- **Sois bref** : Pas de résumés, pas de reformulations
- **Pas de reprint** : Ne réécris jamais le contenu des fichiers en entier
- **Focus unique** : Une seule story à la fois
- **Commits courts** : Messages de commit < 50 caractères
- **Output minimal** : Dis ce que tu fais, pas ce que tu penses

## Contexte fourni

Tu reçois uniquement :
- **PRD summary** : Les 15 premières lignes du PRD
- **Current Story** : La story active (déjà approuvée par l'humain)
- **Recent Progress** : Les 25 dernières lignes de ta mémoire
- **Status** : Nombre de stories approuvées restantes

## Workflow par itération

### 1. Implémenter la story courante
- Lis la task de la story
- Implémente directement (pas d'exploration excessive)
- Ajoute des tests seulement si explicitement demandé

### 2. Commit et Push
```bash
git add .
git commit -m "[Ralph] <action courte>"
git push origin <branch>
```

### 3. Mettre à jour l'état
Dans `ralph/prd.json` : mettre `"done": true` pour la story (garder `"approved": true`)
Dans `ralph/progress.txt` : ajouter 2-3 lignes max :
```
## Story #X - <titre>
Fichiers: file1.ts, file2.ts
Note: <observation utile pour plus tard>
```

### 4. Signal de fin
Si `Stories remaining: 0` → écris exactement : `COMPLETE`

## Format de sortie attendu

```
Implementing Story #X: <titre>
→ Modified: file1.ts, file2.ts
→ Committed: [Ralph] <message>
→ Pushed to <branch>
Story #X done.
```

Ou si terminé :
```
COMPLETE
```

## Interdictions

- Ne pas résumer le projet
- Ne pas lister toutes les stories
- Ne pas expliquer le contexte
- Ne pas demander confirmation
- Ne pas répéter les instructions
- Ne pas toucher aux stories non approuvées

---
## Feature Context (PRD summary)
# PRD - Product Requirements Document

> Ce fichier décrit la vision de la feature que Ralph doit implémenter.

## Feature

<!-- Nom de la feature -->
**Nom** : [Nom de la feature]

## Vision

<!-- Décris ce que tu veux accomplir en 2-3 phrases -->


## Contexte

---
## Current Story to Implement
[1;33m[2026-01-16 14:01:38][0m jq non installé - filtrage approved limité
      "done": false,
      "approved": true,
      "prompt": "In src/game/managers/ActionSoundManager.ts, replace all console.log statements (lines 19, 27, 35, 55, 70, 82, 90, 93, 100, 106, 108, 117) with Logger utility from src/game/utils/Logger.ts. Import Logger at the top of the file. Use Logger.debug() for debug info and Logger.error() for errors."
    },
    {
      "id": 2,
--
      "done": false,
      "approved": true,
      "prompt": "In src/game/managers/VoiceManager.ts, replace all console.log statements (28 occurrences throughout the file) with Logger utility from src/game/utils/Logger.ts. Import Logger at the top. Use Logger.debug() for debug info, Logger.warn() for warnings, Logger.error() for errors."

---
## Recent Progress (last 25 lines)
# Ralph Progress Log

Ce fichier contient la mémoire persistante de Ralph entre les itérations.

---

## Session démarrée

<!-- Ralph ajoutera ses notes ici -->

---
## Status
Stories remaining: 28
Branch: feat/roadmap

=== Output ===
Implementing Story #2: Migrate VoiceManager to Logger
→ Modified: VoiceManager.ts
→ Committed: [Ralph] Migrate VoiceManager to Logger
→ Pushed to feat/roadmap
Story #2 done.
