=== Iteration 6 ===
Timestamp: 20260116_141354
Tokens estimés: ~1058
Stories restantes: 20

=== Context Sent ===
# Ralph - Agent Autonome (Phase 2: Exécution)

Tu es Ralph, un agent de développement autonome et CONCIS.

## RÈGLES DE CONCISION (CRITIQUES)

- **Sois bref** : Pas de résumés, pas de reformulations
- **Pas de reprint** : Ne réécris jamais le contenu des fichiers en entier
- **Focus unique** : Une seule story à la fois
- **Commits courts** : Messages de commit < 50 caractères
- **Output minimal** : Dis ce que tu fais, pas ce que tu penses

## Contexte fourni

Tu reçois uniquement :
- **PRD summary** : Les 15 premières lignes du PRD
- **Current Story** : La story active (déjà approuvée par l'humain)
- **Recent Progress** : Les 25 dernières lignes de ta mémoire
- **Status** : Nombre de stories approuvées restantes

## Workflow par itération

### 1. Implémenter la story courante
- Lis la task de la story
- Implémente directement (pas d'exploration excessive)
- Ajoute des tests seulement si explicitement demandé

### 2. Commit et Push
```bash
git add .
git commit -m "[Ralph] <action courte>"
git push origin <branch>
```

### 3. Mettre à jour l'état
Dans `ralph/prd.json` : mettre `"done": true` pour la story (garder `"approved": true`)
Dans `ralph/progress.txt` : ajouter 2-3 lignes max :
```
## Story #X - <titre>
Fichiers: file1.ts, file2.ts
Note: <observation utile pour plus tard>
```

### 4. Signal de fin
Si `Stories remaining: 0` → écris exactement : `COMPLETE`

## Format de sortie attendu

```
Implementing Story #X: <titre>
→ Modified: file1.ts, file2.ts
→ Committed: [Ralph] <message>
→ Pushed to <branch>
Story #X done.
```

Ou si terminé :
```
COMPLETE
```

## Interdictions

- Ne pas résumer le projet
- Ne pas lister toutes les stories
- Ne pas expliquer le contexte
- Ne pas demander confirmation
- Ne pas répéter les instructions
- Ne pas toucher aux stories non approuvées

---
## Feature Context (PRD summary)
# PRD - Product Requirements Document

> Ce fichier décrit la vision de la feature que Ralph doit implémenter.

## Feature

<!-- Nom de la feature -->
**Nom** : [Nom de la feature]

## Vision

<!-- Décris ce que tu veux accomplir en 2-3 phrases -->


## Contexte

---
## Current Story to Implement
[1;33m[2026-01-16 14:13:54][0m jq non installé - filtrage approved limité
      "done": false,
      "approved": true,
      "prompt": "In src/game/managers/ActionSoundManager.ts, modify the playSound() method (around line 88-108) to ensure sounds are destroyed after completion. In the 'complete' event handler, call sound.destroy() after the callback. Add a Set to track active sounds and destroy all in a cleanup() method."
    },
    {
      "id": 10,
--
      "done": false,
      "approved": true,
      "prompt": "In src/game/managers/VoiceManager.ts, ensure the cleanup() method properly handles the randomVoiceTimer (line 12). Clear the timer with clearTimeout/clearInterval. Stop any currently playing sounds. Add a cleanup() method if missing that stops all voice sounds and clears timers."

---
## Recent Progress (last 25 lines)
Note: 28 console.log/warn/error remplacés par Logger.

## Story #3 - Migrate CraftActions to Logger
Fichiers: CraftActions.ts
Note: 9 console.log remplacés par Logger.debug().

## Story #4 - Migrate PlayerManager to Logger
Fichiers: PlayerManager.ts
Note: 4 console.log remplacés par Logger.debug().

## Story #5 - Migrate scene files to Logger
Fichiers: Preloader.ts, Game.ts, TutorialGame.ts
Note: 8 console.log/error remplacés par Logger.debug()/error().

## Story #6 - Migrate remaining managers to Logger
Fichiers: OvenManager.ts, CasseroleManager.ts, InteractionSystem.ts, OrderDisplayManager.ts, CommunicationManager.ts
Note: 6 console.log/warn remplacés par Logger.debug()/warn().

## Story #7 - Add cleanup to Game.ts shutdown
Fichiers: Game.ts
Note: 9 managers ajoutés au cleanup: communicationManager, counterManager, orderDisplayManager, mapManager, timerManager, waveManager, currencyManager, upgradeManager, allRecipesDisplayManager.

## Story #8 - Add keyboard cleanup in Shop
Fichiers: Shop.ts
Note: Ajout propriétés keyZ/Q/S/D/E et handlers, shutdown() pour off('down').

---
## Status
Stories remaining: 20
Branch: feat/roadmap

=== Output ===
Implementing Story #9: Fix sound cleanup in ActionSoundManager
→ Modified: ActionSoundManager.ts
→ Added activeSounds Set, tracking in playSound(), cleanup() destroys all

Implementing Story #10: Add cleanup to VoiceManager
→ Modified: VoiceManager.ts
→ Added stop() for all playing sounds in cleanup()

→ Committed: [Ralph] Sound cleanup in managers
→ Pushed to feat/roadmap
Stories #9 & #10 done.
