=== Iteration 4 ===
Timestamp: 20260116_141013
Tokens estimés: ~1011
Stories restantes: 23

=== Context Sent ===
# Ralph - Agent Autonome (Phase 2: Exécution)

Tu es Ralph, un agent de développement autonome et CONCIS.

## RÈGLES DE CONCISION (CRITIQUES)

- **Sois bref** : Pas de résumés, pas de reformulations
- **Pas de reprint** : Ne réécris jamais le contenu des fichiers en entier
- **Focus unique** : Une seule story à la fois
- **Commits courts** : Messages de commit < 50 caractères
- **Output minimal** : Dis ce que tu fais, pas ce que tu penses

## Contexte fourni

Tu reçois uniquement :
- **PRD summary** : Les 15 premières lignes du PRD
- **Current Story** : La story active (déjà approuvée par l'humain)
- **Recent Progress** : Les 25 dernières lignes de ta mémoire
- **Status** : Nombre de stories approuvées restantes

## Workflow par itération

### 1. Implémenter la story courante
- Lis la task de la story
- Implémente directement (pas d'exploration excessive)
- Ajoute des tests seulement si explicitement demandé

### 2. Commit et Push
```bash
git add .
git commit -m "[Ralph] <action courte>"
git push origin <branch>
```

### 3. Mettre à jour l'état
Dans `ralph/prd.json` : mettre `"done": true` pour la story (garder `"approved": true`)
Dans `ralph/progress.txt` : ajouter 2-3 lignes max :
```
## Story #X - <titre>
Fichiers: file1.ts, file2.ts
Note: <observation utile pour plus tard>
```

### 4. Signal de fin
Si `Stories remaining: 0` → écris exactement : `COMPLETE`

## Format de sortie attendu

```
Implementing Story #X: <titre>
→ Modified: file1.ts, file2.ts
→ Committed: [Ralph] <message>
→ Pushed to <branch>
Story #X done.
```

Ou si terminé :
```
COMPLETE
```

## Interdictions

- Ne pas résumer le projet
- Ne pas lister toutes les stories
- Ne pas expliquer le contexte
- Ne pas demander confirmation
- Ne pas répéter les instructions
- Ne pas toucher aux stories non approuvées

---
## Feature Context (PRD summary)
# PRD - Product Requirements Document

> Ce fichier décrit la vision de la feature que Ralph doit implémenter.

## Feature

<!-- Nom de la feature -->
**Nom** : [Nom de la feature]

## Vision

<!-- Décris ce que tu veux accomplir en 2-3 phrases -->


## Contexte

---
## Current Story to Implement
[1;33m[2026-01-16 14:10:13][0m jq non installé - filtrage approved limité
      "done": false,
      "approved": true,
      "prompt": "Migrate console.log to Logger in these files: OvenManager.ts (line 124), CasseroleManager.ts (line 99), InteractionSystem.ts (lines 270, 493), OrderDisplayManager.ts (line 110), CommunicationManager.ts (line 180). Import Logger and use appropriate log levels."
    },
    {
      "id": 7,
--
      "done": false,
      "approved": true,
      "prompt": "In src/game/scenes/Game.ts, extend the shutdown() method (around line 804) to call cleanup/destroy on all managers. Currently only 4 managers are cleaned. Add cleanup calls for: communicationManager, counterManager, orderDisplayManager, mapManager, timerManager, waveManager, currencyManager, upgradeManager, allRecipesDisplayManager. Check if each manager exists before calling cleanup."

---
## Recent Progress (last 25 lines)
Ce fichier contient la mémoire persistante de Ralph entre les itérations.

---

## Session démarrée

## Story #1 - Migrate ActionSoundManager to Logger
Fichiers: ActionSoundManager.ts
Note: 12 console.log/warn/error remplacés par Logger. Logger n'a pas de .debug(), utilise .log() à la place.

## Story #2 - Migrate VoiceManager to Logger
Fichiers: VoiceManager.ts
Note: 28 console.log/warn/error remplacés par Logger.

## Story #3 - Migrate CraftActions to Logger
Fichiers: CraftActions.ts
Note: 9 console.log remplacés par Logger.debug().

## Story #4 - Migrate PlayerManager to Logger
Fichiers: PlayerManager.ts
Note: 4 console.log remplacés par Logger.debug().

## Story #5 - Migrate scene files to Logger
Fichiers: Preloader.ts, Game.ts, TutorialGame.ts
Note: 8 console.log/error remplacés par Logger.debug()/error().

---
## Status
Stories remaining: 23
Branch: feat/roadmap

=== Output ===
Implementing Story #6: Migrate remaining managers to Logger
→ Modified: OvenManager.ts, CasseroleManager.ts, InteractionSystem.ts, OrderDisplayManager.ts, CommunicationManager.ts
→ Committed: [Ralph] Migrate remaining managers to Logger
→ Pushed to feat/roadmap
Story #6 done.
