=== Iteration 13 ===
Timestamp: 20260116_142255
Tokens estimés: ~1123
Stories restantes: 12

=== Context Sent ===
# Ralph - Agent Autonome (Phase 2: Exécution)

Tu es Ralph, un agent de développement autonome et CONCIS.

## RÈGLES DE CONCISION (CRITIQUES)

- **Sois bref** : Pas de résumés, pas de reformulations
- **Pas de reprint** : Ne réécris jamais le contenu des fichiers en entier
- **Focus unique** : Une seule story à la fois
- **Commits courts** : Messages de commit < 50 caractères
- **Output minimal** : Dis ce que tu fais, pas ce que tu penses

## Contexte fourni

Tu reçois uniquement :
- **PRD summary** : Les 15 premières lignes du PRD
- **Current Story** : La story active (déjà approuvée par l'humain)
- **Recent Progress** : Les 25 dernières lignes de ta mémoire
- **Status** : Nombre de stories approuvées restantes

## Workflow par itération

### 1. Implémenter la story courante
- Lis la task de la story
- Implémente directement (pas d'exploration excessive)
- Ajoute des tests seulement si explicitement demandé

### 2. Commit et Push
```bash
git add .
git commit -m "[Ralph] <action courte>"
git push origin <branch>
```

### 3. Mettre à jour l'état
Dans `ralph/prd.json` : mettre `"done": true` pour la story (garder `"approved": true`)
Dans `ralph/progress.txt` : ajouter 2-3 lignes max :
```
## Story #X - <titre>
Fichiers: file1.ts, file2.ts
Note: <observation utile pour plus tard>
```

### 4. Signal de fin
Si `Stories remaining: 0` → écris exactement : `COMPLETE`

## Format de sortie attendu

```
Implementing Story #X: <titre>
→ Modified: file1.ts, file2.ts
→ Committed: [Ralph] <message>
→ Pushed to <branch>
Story #X done.
```

Ou si terminé :
```
COMPLETE
```

## Interdictions

- Ne pas résumer le projet
- Ne pas lister toutes les stories
- Ne pas expliquer le contexte
- Ne pas demander confirmation
- Ne pas répéter les instructions
- Ne pas toucher aux stories non approuvées

---
## Feature Context (PRD summary)
# PRD - Product Requirements Document

> Ce fichier décrit la vision de la feature que Ralph doit implémenter.

## Feature

<!-- Nom de la feature -->
**Nom** : [Nom de la feature]

## Vision

<!-- Décris ce que tu veux accomplir en 2-3 phrases -->


## Contexte

---
## Current Story to Implement
[1;33m[2026-01-16 14:22:55][0m jq non installé - filtrage approved limité
      "done": false,
      "approved": false,
      "prompt": "In src/game/managers/UpgradeManager.ts, implement the MAX_ORDERS upgrade. In applyUpgrade(), when type is UpgradeType.MAX_ORDERS, store the new max orders value. In getActiveEffects(), populate the maxOrders field from the stored value instead of hardcoded 4. Update Game.ts applyUpgrades() to pass maxOrders to WaveManager."
    },
    {
      "id": 13,
--
      "done": false,
      "approved": true,
      "prompt": "In src/game/actions/CraftActions.ts, replace 'any' type annotations with proper interfaces. Line 24 playerManager: any should be IPlayer or PlayerManager type. Line 26 mapManager: any should be IMapManager or MapManager type. Import the interfaces from src/game/types/interfaces.ts or the manager files."

---
## Recent Progress (last 25 lines)
Note: cleanup() arrête déjà le timer, ajout stop() sur tous les sons actifs.

## Story #11 - Add cleanup methods to remaining managers
Fichiers: UpgradeManager.ts, CurrencyManager.ts, RecipeManager.ts, ScoreManager.ts
Note: cleanup() ajouté à chaque: clear maps/sets, reset counters, destroy text objects.

## Story #13 - Implement SCORE_MULTIPLIER upgrade
Fichiers: UpgradeManager.ts
Note: Ajout upgrade score_1 (+25% par niveau, max 3). ScoreManager/Game.ts déjà prêts.

## Story #14 - Implement RECIPE_UNLOCK upgrade
Fichiers: UpgradeManager.ts
Note: Ajout Set<unlockedRecipes>, applyUpgrade() pour RECIPE_UNLOCK, getActiveEffects() retourne array. WaveManager utilise déjà specificRecipes pré-définies.

## Story #15 - Create SoundUtils shared utility
Fichiers: SoundUtils.ts
Note: playSound(scene, key, volume, onComplete) avec try-catch, Logger.error, et sound.destroy() on complete.

## Story #16 - Refactor ActionSoundManager to use SoundUtils
Fichiers: ActionSoundManager.ts
Note: playSoundInternal() utilise SoundUtils.playSound(). Tracking des sons actifs préservé via callback.

## Story #17 - Refactor VoiceManager to use SoundUtils
Fichiers: VoiceManager.ts
Note: playSound() simplifié avec SoundUtils.playSound(). Garde la logique "already playing" check avant d'appeler.

---
## Status
Stories remaining: 12
Branch: feat/roadmap

=== Output ===
Implementing Story #18: Add proper types to CraftActions
→ Modified: CraftActions.ts
→ Committed: [Ralph] Replace any types in CraftActions
→ Pushed to feat/roadmap
Story #18 done.
