=== Iteration 3 ===
Timestamp: 20260116_140856
Tokens estimés: ~948
Stories restantes: 24

=== Context Sent ===
# Ralph - Agent Autonome (Phase 2: Exécution)

Tu es Ralph, un agent de développement autonome et CONCIS.

## RÈGLES DE CONCISION (CRITIQUES)

- **Sois bref** : Pas de résumés, pas de reformulations
- **Pas de reprint** : Ne réécris jamais le contenu des fichiers en entier
- **Focus unique** : Une seule story à la fois
- **Commits courts** : Messages de commit < 50 caractères
- **Output minimal** : Dis ce que tu fais, pas ce que tu penses

## Contexte fourni

Tu reçois uniquement :
- **PRD summary** : Les 15 premières lignes du PRD
- **Current Story** : La story active (déjà approuvée par l'humain)
- **Recent Progress** : Les 25 dernières lignes de ta mémoire
- **Status** : Nombre de stories approuvées restantes

## Workflow par itération

### 1. Implémenter la story courante
- Lis la task de la story
- Implémente directement (pas d'exploration excessive)
- Ajoute des tests seulement si explicitement demandé

### 2. Commit et Push
```bash
git add .
git commit -m "[Ralph] <action courte>"
git push origin <branch>
```

### 3. Mettre à jour l'état
Dans `ralph/prd.json` : mettre `"done": true` pour la story (garder `"approved": true`)
Dans `ralph/progress.txt` : ajouter 2-3 lignes max :
```
## Story #X - <titre>
Fichiers: file1.ts, file2.ts
Note: <observation utile pour plus tard>
```

### 4. Signal de fin
Si `Stories remaining: 0` → écris exactement : `COMPLETE`

## Format de sortie attendu

```
Implementing Story #X: <titre>
→ Modified: file1.ts, file2.ts
→ Committed: [Ralph] <message>
→ Pushed to <branch>
Story #X done.
```

Ou si terminé :
```
COMPLETE
```

## Interdictions

- Ne pas résumer le projet
- Ne pas lister toutes les stories
- Ne pas expliquer le contexte
- Ne pas demander confirmation
- Ne pas répéter les instructions
- Ne pas toucher aux stories non approuvées

---
## Feature Context (PRD summary)
# PRD - Product Requirements Document

> Ce fichier décrit la vision de la feature que Ralph doit implémenter.

## Feature

<!-- Nom de la feature -->
**Nom** : [Nom de la feature]

## Vision

<!-- Décris ce que tu veux accomplir en 2-3 phrases -->


## Contexte

---
## Current Story to Implement
[1;33m[2026-01-16 14:08:56][0m jq non installé - filtrage approved limité
      "done": false,
      "approved": true,
      "prompt": "Migrate console.log to Logger in these scene files: Preloader.ts (lines 58, 322, 326, 331), Game.ts (lines 181, 322), TutorialGame.ts (lines 180, 287). Import Logger from src/game/utils/Logger.ts in each file. Use Logger.debug() for loading info, Logger.error() for errors."
    },
    {
      "id": 6,
--
      "done": false,
      "approved": true,
      "prompt": "Migrate console.log to Logger in these files: OvenManager.ts (line 124), CasseroleManager.ts (line 99), InteractionSystem.ts (lines 270, 493), OrderDisplayManager.ts (line 110), CommunicationManager.ts (line 180). Import Logger and use appropriate log levels."

---
## Recent Progress (last 25 lines)
# Ralph Progress Log

Ce fichier contient la mémoire persistante de Ralph entre les itérations.

---

## Session démarrée

## Story #1 - Migrate ActionSoundManager to Logger
Fichiers: ActionSoundManager.ts
Note: 12 console.log/warn/error remplacés par Logger. Logger n'a pas de .debug(), utilise .log() à la place.

## Story #2 - Migrate VoiceManager to Logger
Fichiers: VoiceManager.ts
Note: 28 console.log/warn/error remplacés par Logger.

## Story #3 - Migrate CraftActions to Logger
Fichiers: CraftActions.ts
Note: 9 console.log remplacés par Logger.debug().

## Story #4 - Migrate PlayerManager to Logger
Fichiers: PlayerManager.ts
Note: 4 console.log remplacés par Logger.debug().

---
## Status
Stories remaining: 24
Branch: feat/roadmap

=== Output ===
Implementing Story #5: Migrate scene files to Logger
→ Modified: Preloader.ts, Game.ts, TutorialGame.ts
→ Committed: [Ralph] Migrate scene files to Logger
→ Pushed to feat/roadmap
Story #5 done.
