=== Ralph Plan Session ===
Timestamp: 20260116_134611
Project: /c/Users/Lucas/Documents/cooking

=== Prompt ===
# Product Brain - Phase Planification

You are a product-minded software architect.

## Your Mission

Explore the existing codebase and propose a roadmap of features and user stories that an autonomous agent can implement.

## What To Do

1. **Explore** the project structure, code, and patterns
2. **Understand** what the project does and how it works
3. **Identify** opportunities:
   - Missing features
   - UX improvements
   - Technical debt
   - Performance optimizations
   - Code quality issues
4. **Propose** a structured roadmap

## Output Format

### Features Section
```markdown
# Proposed Features

## Feature 1: [Name]
**Why**: [Brief justification]
**Impact**: [High/Medium/Low]
**Complexity**: [High/Medium/Low]

## Feature 2: [Name]
...
```

### Stories Section (JSON)
```json
{
  "feature": "Project Roadmap",
  "branch": "feat/roadmap",
  "stories": [
    {
      "id": 1,
      "feature": "Feature Name",
      "title": "Short description",
      "done": false,
      "approved": false,
      "prompt": "Concrete instruction for implementation. Be specific about files, patterns, and expected outcome."
    }
  ]
}
```

## Story Guidelines

Each story must be:
- **Atomic**: One clear task, one outcome
- **Independent**: Can be implemented without other pending stories
- **Specific**: Clear file paths, function names, expected behavior
- **Testable**: Has a clear definition of done
- **Small**: Implementable in one iteration (~15-30 min of agent work)

## Good Story Example
```json
{
  "id": 1,
  "feature": "Performance",
  "title": "Add memoization to recipe lookup",
  "done": false,
  "approved": false,
  "prompt": "In src/game/managers/RecipeManager.ts, add memoization to the findRecipe() method using a Map cache. The cache key should be the sorted ingredient IDs joined by '-'. Clear cache on scene restart."
}
```

## Bad Story Example
```json
{
  "id": 1,
  "feature": "Performance",
  "title": "Improve performance",
  "done": false,
  "approved": false,
  "prompt": "Make the game faster."
}
```

## Rules

- **DO NOT** write or modify any code
- **DO NOT** create files other than the roadmap output
- **DO** explore thoroughly before proposing
- **DO** prioritize high-impact, low-complexity items first
- **DO** group related stories under the same feature
- **DO** number stories sequentially across all features

## Output Files

Write your analysis to:
1. `ralph/roadmap.md` - Human-readable feature descriptions
2. `ralph/prd.json` - Machine-readable stories (update existing file)

End your output with:
```
PLANNING_COMPLETE
```

---
## Project Root
/c/Users/Lucas/Documents/cooking

---
## Instructions
1. Explore the codebase at /c/Users/Lucas/Documents/cooking
2. Analyze the project structure, code quality, and opportunities
3. Generate a roadmap with features and user stories
4. Write output to:
   - ralph/roadmap.md (human-readable)
   - ralph/prd.json (machine-readable)
5. End with PLANNING_COMPLETE

=== Output ===
I have created both output files. Let me provide a summary of what was produced.

## Summary

I have completed the codebase analysis and generated the roadmap documentation.

### Files Created:

**1. `ralph/roadmap.md`** - Human-readable feature descriptions with:
- 8 feature areas identified
- Impact/Complexity ratings for each
- Priority matrix (P0-P3)
- Implementation notes and patterns to follow

**2. `ralph/prd.json`** - Machine-readable stories with:
- 28 atomic user stories across 8 features
- Each story includes specific file paths, line numbers, and concrete implementation instructions

### Feature Breakdown:

| Feature | Stories | Priority |
|---------|---------|----------|
| Production Logging | 6 | P0 |
| Memory Leak Prevention | 5 | P0 |
| Complete Upgrade System | 3 | P1 |
| Sound System | 3 | P1 |
| Type Safety | 3 | P2 |
| Accessibility | 3 | P2 |
| Performance | 2 | P3 |
| Tutorial | 3 | P3 |

### Key Findings:

- **70+ console.log statements** need migration to Logger utility
- **Memory leaks** in Game.ts shutdown (9 managers not cleaned) and Shop.ts (keyboard listeners)
- **3 of 6 upgrade types unimplemented** (MAX_ORDERS, RECIPE_UNLOCK, SCORE_MULTIPLIER)
- **Duplicate sound logic** between ActionSoundManager and VoiceManager
- **Missing accessibility features** (keyboard hints, text fallbacks)
- **Performance opportunities** in OvenManager updates and RecipeManager memoization

```
PLANNING_COMPLETE
```
